<?xml version="1.0" encoding="UTF-8"?>
<testng-results skipped="0" failed="0" ignored="2" total="5" passed="3">
  <reporter-output>
  </reporter-output>
  <suite name="Suite" duration-ms="132471" started-at="2020-02-28T07:06:42Z" finished-at="2020-02-28T07:08:55Z">
    <groups>
    </groups>
    <test name="Test" duration-ms="132471" started-at="2020-02-28T07:06:42Z" finished-at="2020-02-28T07:08:55Z">
      <class name="Scripts.TestInvalidLogin">
        <test-method status="PASS" signature="preCondition(java.lang.String)[pri:0, instance:Scripts.TestInvalidLogin@72d818d1]" name="preCondition" is-config="true" duration-ms="32366" started-at="2020-02-28T07:07:46Z" finished-at="2020-02-28T07:08:18Z">
          <params>
            <param index="0">
              <value>
                <![CDATA[chrome]]>
              </value>
            </param>
          </params>
          <reporter-output>
          </reporter-output>
        </test-method> <!-- preCondition -->
        <test-method status="PASS" signature="inValidlogin()[pri:0, instance:Scripts.TestInvalidLogin@72d818d1]" name="inValidlogin" duration-ms="11723" started-at="2020-02-28T07:08:18Z" finished-at="2020-02-28T07:08:30Z">
          <reporter-output>
          </reporter-output>
        </test-method> <!-- inValidlogin -->
        <test-method status="PASS" signature="postCondition(org.testng.ITestResult)[pri:0, instance:Scripts.TestInvalidLogin@72d818d1]" name="postCondition" is-config="true" duration-ms="287" started-at="2020-02-28T07:08:30Z" finished-at="2020-02-28T07:08:30Z">
          <params>
            <param index="0">
              <value>
                <![CDATA[[TestResult name=inValidlogin status=SUCCESS method=TestInvalidLogin.inValidlogin()[pri:0, instance:Scripts.TestInvalidLogin@72d818d1] output={null}]]]>
              </value>
            </param>
          </params>
          <reporter-output>
          </reporter-output>
        </test-method> <!-- postCondition -->
      </class> <!-- Scripts.TestInvalidLogin -->
      <class name="Scripts.TestBuildNo">
        <test-method status="PASS" signature="preCondition(java.lang.String)[pri:0, instance:Scripts.TestBuildNo@6e06451e]" name="preCondition" is-config="true" duration-ms="23651" started-at="2020-02-28T07:08:30Z" finished-at="2020-02-28T07:08:54Z">
          <params>
            <param index="0">
              <value>
                <![CDATA[chrome]]>
              </value>
            </param>
          </params>
          <reporter-output>
          </reporter-output>
        </test-method> <!-- preCondition -->
        <test-method status="PASS" signature="verifyBuildNo()[pri:1, instance:Scripts.TestBuildNo@6e06451e]" name="verifyBuildNo" duration-ms="532" started-at="2020-02-28T07:08:54Z" finished-at="2020-02-28T07:08:54Z">
          <reporter-output>
          </reporter-output>
        </test-method> <!-- verifyBuildNo -->
        <test-method status="PASS" signature="postCondition(org.testng.ITestResult)[pri:0, instance:Scripts.TestBuildNo@6e06451e]" name="postCondition" is-config="true" duration-ms="503" started-at="2020-02-28T07:08:54Z" finished-at="2020-02-28T07:08:55Z">
          <params>
            <param index="0">
              <value>
                <![CDATA[[TestResult name=verifyBuildNo status=SUCCESS method=TestBuildNo.verifyBuildNo()[pri:1, instance:Scripts.TestBuildNo@6e06451e] output={null}]]]>
              </value>
            </param>
          </params>
          <reporter-output>
          </reporter-output>
        </test-method> <!-- postCondition -->
      </class> <!-- Scripts.TestBuildNo -->
      <class name="Scripts.TestValidLogin">
        <test-method status="PASS" signature="initializeBrowserMethod()[pri:0, instance:Scripts.TestValidLogin@27c20538]" name="initializeBrowserMethod" is-config="true" duration-ms="17" started-at="2020-02-28T07:06:42Z" finished-at="2020-02-28T07:06:42Z">
          <reporter-output>
          </reporter-output>
        </test-method> <!-- initializeBrowserMethod -->
        <test-method status="PASS" signature="preCondition(java.lang.String)[pri:0, instance:Scripts.TestValidLogin@27c20538]" name="preCondition" is-config="true" duration-ms="28513" started-at="2020-02-28T07:06:42Z" finished-at="2020-02-28T07:07:11Z">
          <params>
            <param index="0">
              <value>
                <![CDATA[chrome]]>
              </value>
            </param>
          </params>
          <reporter-output>
          </reporter-output>
        </test-method> <!-- preCondition -->
        <test-method status="PASS" signature="validlogin()[pri:0, instance:Scripts.TestValidLogin@27c20538]" name="validlogin" duration-ms="33114" started-at="2020-02-28T07:07:11Z" finished-at="2020-02-28T07:07:44Z">
          <reporter-output>
          </reporter-output>
        </test-method> <!-- validlogin -->
        <test-method status="PASS" signature="postCondition(org.testng.ITestResult)[pri:0, instance:Scripts.TestValidLogin@27c20538]" name="postCondition" is-config="true" duration-ms="1550" started-at="2020-02-28T07:07:44Z" finished-at="2020-02-28T07:07:45Z">
          <params>
            <param index="0">
              <value>
                <![CDATA[[TestResult name=validlogin status=SUCCESS method=TestValidLogin.validlogin()[pri:0, instance:Scripts.TestValidLogin@27c20538] output={null}]]]>
              </value>
            </param>
          </params>
          <reporter-output>
          </reporter-output>
        </test-method> <!-- postCondition -->
      </class> <!-- Scripts.TestValidLogin -->
    </test> <!-- Test -->
  </suite> <!-- Suite -->
</testng-results>
