<?xml version="1.0" encoding="UTF-8"?>
<!-- Generated by org.testng.reporters.JUnitXMLReporter -->
<testsuite hostname="Admin" ignored="2" name="ChromeTest" tests="5" failures="0" timestamp="04 Oct 2019 16:39:25 GMT" time="208.731" errors="0">
  <testcase name="validlogin" time="9.968" classname="Scripts.TestValidLogin"/>
  <testcase name="testInvalidLogin" time="3.481" classname="Scripts.TestInvalidLogin"/>
  <testcase name="testInvalidLogin" time="2.392" classname="Scripts.TestInvalidLogin"/>
  <testcase name="testInvalidLogin" time="2.556" classname="Scripts.TestInvalidLogin"/>
  <testcase name="verifyBuildNo" time="17.535" classname="Scripts.TestBuildNo"/>
  <testcase name="@BeforeSuite initializeBrowserMethod" time="0.0" classname="Generic.BaseClass">
    <ignored/>
  </testcase> <!-- @BeforeSuite initializeBrowserMethod -->
  <testcase name="@BeforeSuite initializeBrowserMethod" time="0.0" classname="Generic.BaseClass">
    <ignored/>
  </testcase> <!-- @BeforeSuite initializeBrowserMethod -->
</testsuite> <!-- ChromeTest -->
