<?xml version="1.0" encoding="UTF-8"?>
<!-- Generated by org.testng.reporters.JUnitXMLReporter -->
<testsuite hostname="Admin" ignored="2" name="Test" tests="3" failures="0" timestamp="28 Feb 2020 07:08:56 GMT" time="132.471" errors="0">
  <testcase name="validlogin" time="33.114" classname="Scripts.TestValidLogin"/>
  <testcase name="inValidlogin" time="11.723" classname="Scripts.TestInvalidLogin"/>
  <testcase name="verifyBuildNo" time="0.532" classname="Scripts.TestBuildNo"/>
  <testcase name="@BeforeSuite initializeBrowserMethod" time="0.0" classname="Generic.BaseClass">
    <ignored/>
  </testcase> <!-- @BeforeSuite initializeBrowserMethod -->
  <testcase name="@BeforeSuite initializeBrowserMethod" time="0.0" classname="Generic.BaseClass">
    <ignored/>
  </testcase> <!-- @BeforeSuite initializeBrowserMethod -->
</testsuite> <!-- Test -->
